-------------------------------------------------
The trace creation timestamp is: Ср дек 09 19:11:32 15
The executable build timestamp is: Ср дек 17 17:27:40 14
The datecode is: 2014440
The pro machine type is: x86e_win64
The process ID is: 2332
The traceback type is : CRASH
-------------------------------------------------
Exception EXCEPTION_ACCESS_VIOLATION has occurred in the thread 4796.

Main Thread 4796
=====================
0x00007FF8E4019DE9	NULL (NULL:0) (libui_sh:0x00007FF8E3E90000) ( 0x0, 0x9ec26818, 0x0, 0x0 ) 
0x00007FF8E40398C4	NULL (NULL:0) (libui_sh:0x00007FF8E3E90000) ( 0xfabad450, 0xeadd8d27, 0xfabad570, 0x0 ) 
0x00007FF8E4020168	NULL (NULL:0) (libui_sh:0x00007FF8E3E90000) ( 0x1, 0x4, 0x0, 0x0 ) 
0x00007FF8E40205A7	NULL (NULL:0) (libui_sh:0x00007FF8E3E90000) ( 0x2, 0x956d1830, 0x0, 0x9da4cbe0 ) 
0x00007FF7A5C8902E	NULL (NULL:0) (xtop:0x00007FF79FB00000) ( 0x8c6beba8, 0x0, 0x0, 0x0 ) 
0x00007FF7A5C728AD	NULL (NULL:0) (xtop:0x00007FF79FB00000) ( 0x956d1830, 0x9685d2f0, 0xfadf3a00, 0xea6c1497 ) 
0x00007FF7A479326A	NULL (NULL:0) (xtop:0x00007FF79FB00000) ( 0x0, 0x0, 0x110a, 0xea6bd21d ) 
0x00007FF8EA6B4E34	NULL (NULL:0) (asyncoremt:0x00007FF8EA6B0000) ( 0xfadc3b20, 0xfadc3b20, 0xfadf9ed0, 0xfadf9ed0 ) 
0x00007FF8EA6B4826	NULL (NULL:0) (asyncoremt:0x00007FF8EA6B0000) ( 0xfadf9ed0, 0x1, 0xfcb791c8, 0xfadf3a00 ) 
0x00007FF8EA6B7FE6	NULL (NULL:0) (asyncoremt:0x00007FF8EA6B0000) ( 0xfcb791c8, 0xfadc3b20, 0x1, 0x1 ) 
0x00007FF8EA6B6742	NULL (NULL:0) (asyncoremt:0x00007FF8EA6B0000) ( 0x0, 0x0, 0x0, 0xeaddcd1c ) 
0x00007FF7A6F57982	NULL (NULL:0) (xtop:0x00007FF79FB00000) ( 0x0, 0x1, 0x0, 0xfac2d95e ) 
0x00007FF8E43CF0B2	NULL (NULL:0) (coreutils_sh:0x00007FF8E43C0000) ( 0x9de54758, 0xfabada70, 0x0, 0x0 ) 
0x00007FF7A5A99C75	NULL (NULL:0) (xtop:0x00007FF79FB00000) ( 0xffffffff, 0xe4053fd4, 0x1, 0x7479 ) 
0x00007FF7A5A97F67	NULL (NULL:0) (xtop:0x00007FF79FB00000) ( 0x0, 0xe4037903, 0x8f366db0, 0x0 ) 
0x00007FF7A5A95D98	NULL (NULL:0) (xtop:0x00007FF79FB00000) ( 0xfabadce0, 0xea56f251, 0xff04a92d, 0xe40bb9ea ) 
0x00007FF7A5A960BD	NULL (NULL:0) (xtop:0x00007FF79FB00000) ( 0xffff0000, 0x0, 0x0, 0xfabadce0 ) 
0x00007FF7A5A96AD5	NULL (NULL:0) (xtop:0x00007FF79FB00000) ( 0xfabadde0, 0x0, 0x0, 0xfabadde0 ) 
0x00007FF7A5A9B3EC	NULL (NULL:0) (xtop:0x00007FF79FB00000) ( 0x0, 0xfabadd61, 0x0, 0xe4ace56b ) 
0x00007FF7A5B222DD	NULL (NULL:0) (xtop:0x00007FF79FB00000) ( 0x0, 0xfabadeb8, 0xfabade94, 0xfabadeb0 ) 
0x00007FF7A5B17E63	NULL (NULL:0) (xtop:0x00007FF79FB00000) ( 0x0, 0x0, 0xfabae120, 0x0 ) 
0x00007FF7A5B206CA	NULL (NULL:0) (xtop:0x00007FF79FB00000) ( 0xfabae0f0, 0x3e9, 0xac9c2aa4, 0xfabadf8c ) 
0x00007FF7A5AA7EFD	NULL (NULL:0) (xtop:0x00007FF79FB00000) ( 0xfabae240, 0x0, 0x1fff, 0xfabae240 ) 
0x00007FF7A5AA6D78	NULL (NULL:0) (xtop:0x00007FF79FB00000) ( 0x0, 0xfabae170, 0xfabae240, 0x0 ) 
0x00007FF7A5AA8DD9	NULL (NULL:0) (xtop:0x00007FF79FB00000) ( 0x0, 0x0, 0xfabae170, 0x0 ) 
0x00007FF8E4ACE56B	NULL (NULL:0) (coretools_sh:0x00007FF8E4A90000) ( 0x2f, 0x0, 0x0, 0x0 ) 
0x00007FF7A5AB5FC9	NULL (NULL:0) (xtop:0x00007FF79FB00000) ( 0x0, 0x1, 0xffffffff, 0x0 ) 
0x00007FF7A5AEB311	NULL (NULL:0) (xtop:0x00007FF79FB00000) ( 0xffffffff, 0x2f, 0x0, 0xffffffff ) 
0x00007FF7A5AE0AD7	NULL (NULL:0) (xtop:0x00007FF79FB00000) ( 0x1, 0xffffffff, 0xfabae360, 0xaa3d7a00 ) 
0x00007FF7A5ADA7D4	NULL (NULL:0) (xtop:0x00007FF79FB00000) ( 0x0, 0x0, 0x0, 0x0 ) 
0x00007FF8E4ACE56B	NULL (NULL:0) (coretools_sh:0x00007FF8E4A90000) ( 0x0, 0x800008, 0x800008, 0x0 ) 
0x00007FF7A5AE08D8	NULL (NULL:0) (xtop:0x00007FF79FB00000) ( 0x0, 0x0, 0x0, 0x8693f490 ) 
0x00007FF7A32B040F	NULL (NULL:0) (xtop:0x00007FF79FB00000) ( 0x0, 0x0, 0x800008, 0x8ee13ea0 ) 
0x00007FF7A274BE8C	NULL (NULL:0) (xtop:0x00007FF79FB00000) ( 0x0, 0x1, 0x0, 0x0 ) 
0x00007FF7A27582B8	NULL (NULL:0) (xtop:0x00007FF79FB00000) ( 0x8dec0680, 0x8dec0680, 0x0, 0x8dec0680 ) 
0x00007FF7A2758153	NULL (NULL:0) (xtop:0x00007FF79FB00000) ( 0x8dec0680, 0x8dec0680, 0x1, 0x8dec0680 ) 
0x00007FF7A2BB4D37	NULL (NULL:0) (xtop:0x00007FF79FB00000) ( 0x230, 0x4, 0xfabae7a0, 0x0 ) 
0x00007FF7A2BD3EDB	NULL (NULL:0) (xtop:0x00007FF79FB00000) ( 0xfabaeaa0, 0xffffffff, 0x8e7489b8, 0xe3e9f331 ) 
0x00007FF7A2BF10D6	NULL (NULL:0) (xtop:0x00007FF79FB00000) ( 0xa1db0340, 0x0, 0x0, 0x2 ) 
0x00007FF7A2BF1347	NULL (NULL:0) (xtop:0x00007FF79FB00000) ( 0xfabaece0, 0x800001, 0xc, 0x8dec0680 ) 
0x00007FF7A1DB02AD	NULL (NULL:0) (xtop:0x00007FF79FB00000) ( 0xffffffff, 0x0, 0x1, 0xffffffff ) 
0x00007FF7A1DAF829	NULL (NULL:0) (xtop:0x00007FF79FB00000) ( 0x8dec0680, 0xad8daf50, 0xfabaf020, 0x800001 ) 
0x00007FF7A2BC3B8D	NULL (NULL:0) (xtop:0x00007FF79FB00000) ( 0xfabaf020, 0xe417c610, 0xe417c4e8, 0x86c55940 ) 
0x00007FF8E410A39E	NULL (NULL:0) (libui_sh:0x00007FF8E3E90000) ( 0x1, 0x86f097a0, 0xfabaf0f0, 0x203142 ) 
0x00007FF8E4020B08	NULL (NULL:0) (libui_sh:0x00007FF8E3E90000) ( 0x86f097a0, 0x800001, 0x8c31be70, 0x8c31be70 ) 
0x00007FF7A5397699	NULL (NULL:0) (xtop:0x00007FF79FB00000) ( 0xfabaf260, 0x0, 0xfabaf520, 0x0 ) 
0x00007FF7A5392039	NULL (NULL:0) (xtop:0x00007FF79FB00000) ( 0x0, 0xfabaf570, 0xff03db18, 0xffffffff ) 
0x00007FF7A5AD54D2	NULL (NULL:0) (xtop:0x00007FF79FB00000) ( 0x0, 0x86ad2460, 0x86ad24a8, 0x0 ) 
0x00007FF7A5AD5C20	NULL (NULL:0) (xtop:0x00007FF79FB00000) ( 0x0, 0x0, 0x24, 0x0 ) 
0x00007FF7A5AE0B27	NULL (NULL:0) (xtop:0x00007FF79FB00000) ( 0x1, 0x2, 0xfabaf810, 0xaa3d7a00 ) 
0x00007FF7A5ADA7D4	NULL (NULL:0) (xtop:0x00007FF79FB00000) ( 0x7, 0x0, 0x0, 0x0 ) 
0x00007FF8E4ACE56B	NULL (NULL:0) (coretools_sh:0x00007FF8E4A90000) ( 0xa9d6c000, 0x0, 0x4, 0xa2da9bea ) 
0x00007FF7A5AE08D8	NULL (NULL:0) (xtop:0x00007FF79FB00000) ( 0x0, 0x0, 0xae1d5510, 0xaa82c088 ) 
0x00007FF7A2BF15B9	NULL (NULL:0) (xtop:0x00007FF79FB00000) ( 0xae1d5510, 0xfac249f0, 0x0, 0x0 ) 
0x00007FF7A0E5E72A	NULL (NULL:0) (xtop:0x00007FF79FB00000) ( 0xae1d5510, 0x2, 0x4, 0x4 ) 
0x00007FF7A6F43BAF	NULL (NULL:0) (xtop:0x00007FF79FB00000) ( 0x1, 0xfabaf920, 0x4, 0x1 ) 
0x00007FF7A6F43AF8	NULL (NULL:0) (xtop:0x00007FF79FB00000) ( 0xfac04ecb, 0xa, 0xa, 0x0 ) 
0x00007FF7A0AAE9F0	NULL (NULL:0) (xtop:0x00007FF79FB00000) ( 0xa0aae898, 0x9f355000, 0x0, 0x0 ) 
0x00007FF901CB13D2	NULL (NULL:0) (KERNEL32:0x00007FF901CB0000) ( 0x1cb13b0, 0x0, 0x0, 0x0 ) 

Thread 4004
=====================
0x00007FF902BA121A	NULL (NULL:0) (ntdll:0x00007FF902B10000) ( 0x25, 0xea6bdd88, 0x0, 0xeade6311 ) 
0x00007FF900071118	NULL (NULL:0) (KERNELBASE:0x00007FF900070000) ( 0xfadceef0, 0x0, 0x0, 0x2f4 ) 
0x00007FF8EA6E1B94	NULL (NULL:0) (asyncoremt:0x00007FF8EA6B0000) ( 0xeae1e1f0, 0x3, 0x0, 0xeaddc7e2 ) 
0x00007FF8EA6DBD9D	NULL (NULL:0) (asyncoremt:0x00007FF8EA6B0000) ( 0xfadceef0, 0xfadd0d80, 0xfcb39418, 0x0 ) 
0x00007FF8EA6DBB09	NULL (NULL:0) (asyncoremt:0x00007FF8EA6B0000) ( 0x0, 0xfadc0860, 0x0, 0xfadd0d80 ) 
0x00007FF8EA6DBEED	NULL (NULL:0) (asyncoremt:0x00007FF8EA6B0000) ( 0x0, 0xfcb7fd20, 0x0, 0x0 ) 
0x00007FF8E4303FEF	NULL (NULL:0) (MSVCR110:0x00007FF8E42E0000) ( 0xe43a1db0, 0x0, 0x0, 0x0 ) 
0x00007FF8E4304196	NULL (NULL:0) (MSVCR110:0x00007FF8E42E0000) ( 0xe4304094, 0xfcb7fd20, 0x0, 0x0 ) 
0x00007FF901CB13D2	NULL (NULL:0) (KERNEL32:0x00007FF901CB0000) ( 0x1cb13b0, 0x0, 0x0, 0x0 ) 

Thread 4104
=====================
0x00007FF902BA178A	NULL (NULL:0) (ntdll:0x00007FF902B10000) ( 0x40, 0xfacf99d0, 0xea6f1b10, 0x0 ) 
0x00007FF9000713ED	NULL (NULL:0) (KERNELBASE:0x00007FF900070000) ( 0xfdc8f4f0, 0x9f355000, 0x0, 0x0 ) 
0x00007FF9021732B4	NULL (NULL:0) (USER32:0x00007FF902170000) ( 0xfadcf000, 0x0, 0xfadcf080, 0xeaddf070 ) 
0x00007FF8EA6E1A49	NULL (NULL:0) (asyncoremt:0x00007FF8EA6B0000) ( 0xfcb39400, 0xfadcf000, 0xfadd00f0, 0xeaddc7e2 ) 
0x00007FF8EA6DBD9D	NULL (NULL:0) (asyncoremt:0x00007FF8EA6B0000) ( 0xfadcf000, 0xfadd00f0, 0xfcb39418, 0x0 ) 
0x00007FF8EA6DBB09	NULL (NULL:0) (asyncoremt:0x00007FF8EA6B0000) ( 0x0, 0xfadc0860, 0x0, 0xfadd00f0 ) 
0x00007FF8EA6DBEED	NULL (NULL:0) (asyncoremt:0x00007FF8EA6B0000) ( 0x0, 0xfcb801a0, 0x0, 0x0 ) 
0x00007FF8E4303FEF	NULL (NULL:0) (MSVCR110:0x00007FF8E42E0000) ( 0x0, 0x0, 0x0, 0x0 ) 
0x00007FF8E4304196	NULL (NULL:0) (MSVCR110:0x00007FF8E42E0000) ( 0xe4304094, 0xfcb801a0, 0x0, 0x0 ) 
0x00007FF901CB13D2	NULL (NULL:0) (KERNEL32:0x00007FF901CB0000) ( 0x1cb13b0, 0x0, 0x0, 0x0 ) 

Thread 3696
=====================
0x00007FF902BA178A	NULL (NULL:0) (ntdll:0x00007FF902B10000) ( 0xb4, 0x3ff, 0xfac0797c, 0xfac00000 ) 
0x00007FF9000713ED	NULL (NULL:0) (KERNELBASE:0x00007FF900070000) ( 0xfcb80628, 0x9f355000, 0x0, 0xfe43fc20 ) 
0x00007FF8EA6BA80B	NULL (NULL:0) (asyncoremt:0x00007FF8EA6B0000) ( 0xfcb80628, 0xfe43fc20, 0x10, 0x0 ) 
0x00007FF8EA6BA730	NULL (NULL:0) (asyncoremt:0x00007FF8EA6B0000) ( 0xfcb80628, 0x4697b3d4, 0x1, 0x318 ) 
0x00007FF8EA6BA79F	NULL (NULL:0) (asyncoremt:0x00007FF8EA6B0000) ( 0xee1ce4cb, 0x0, 0x1, 0x1 ) 
0x00007FF8EA6B6448	NULL (NULL:0) (asyncoremt:0x00007FF8EA6B0000) ( 0x1, 0xfadcf110, 0xfe43fe50, 0x0 ) 
0x00007FF8EA6E1B4B	NULL (NULL:0) (asyncoremt:0x00007FF8EA6B0000) ( 0xeae1e1f0, 0x4, 0x0, 0xeaddc7e2 ) 
0x00007FF8EA6DBD9D	NULL (NULL:0) (asyncoremt:0x00007FF8EA6B0000) ( 0xfadcf110, 0xfadd1200, 0xfcb39418, 0x0 ) 
0x00007FF8EA6DBB09	NULL (NULL:0) (asyncoremt:0x00007FF8EA6B0000) ( 0x0, 0xfadc0860, 0x0, 0xfadd1200 ) 
0x00007FF8EA6DBEED	NULL (NULL:0) (asyncoremt:0x00007FF8EA6B0000) ( 0x0, 0xfcb80a60, 0x0, 0x0 ) 
0x00007FF8E4303FEF	NULL (NULL:0) (MSVCR110:0x00007FF8E42E0000) ( 0xe43a1db0, 0x0, 0x0, 0x0 ) 
0x00007FF8E4304196	NULL (NULL:0) (MSVCR110:0x00007FF8E42E0000) ( 0xe4304094, 0xfcb80a60, 0x0, 0x0 ) 
0x00007FF901CB13D2	NULL (NULL:0) (KERNEL32:0x00007FF901CB0000) ( 0x1cb13b0, 0x0, 0x0, 0x0 ) 

Thread 4568
=====================
0x00007FF902BA178A	NULL (NULL:0) (ntdll:0x00007FF902B10000) ( 0x9dbdf848, 0xeadd2181, 0x8, 0xfcbd96e0 ) 
0x00007FF9000713ED	NULL (NULL:0) (KERNELBASE:0x00007FF900070000) ( 0xfcba40f8, 0x9f355000, 0x0, 0xfebef440 ) 
0x00007FF8EA6BA80B	NULL (NULL:0) (asyncoremt:0x00007FF8EA6B0000) ( 0xfcba40f8, 0xfebef440, 0x10, 0x0 ) 
0x00007FF8EA6BA730	NULL (NULL:0) (asyncoremt:0x00007FF8EA6B0000) ( 0xfcba40f8, 0x4697b32e, 0x1, 0x1 ) 
0x00007FF8EA6BA79F	NULL (NULL:0) (asyncoremt:0x00007FF8EA6B0000) ( 0xee1ce494, 0x1, 0x4770b230, 0x1 ) 
0x00007FF8EA6B6448	NULL (NULL:0) (asyncoremt:0x00007FF8EA6B0000) ( 0x1, 0xfadcfe00, 0x4, 0x4770b230 ) 
0x00007FF8EA6E1BBB	NULL (NULL:0) (asyncoremt:0x00007FF8EA6B0000) ( 0xeadd0000, 0x0, 0xfebef6a0, 0x5 ) 
0x00007FF8EA6DC657	NULL (NULL:0) (asyncoremt:0x00007FF8EA6B0000) ( 0xfcb39400, 0xfadcfed0, 0xfadd1680, 0xfadd0060 ) 
0x00007FF8EA6DBD9D	NULL (NULL:0) (asyncoremt:0x00007FF8EA6B0000) ( 0xfadcfed0, 0xfadd1680, 0xfcb39418, 0x0 ) 
0x00007FF8EA6DBB09	NULL (NULL:0) (asyncoremt:0x00007FF8EA6B0000) ( 0x0, 0xfadc0860, 0x0, 0xfadd1680 ) 
0x00007FF8EA6DBEED	NULL (NULL:0) (asyncoremt:0x00007FF8EA6B0000) ( 0x0, 0xfcba4530, 0x0, 0x0 ) 
0x00007FF8E4303FEF	NULL (NULL:0) (MSVCR110:0x00007FF8E42E0000) ( 0xe43a1db0, 0x0, 0x0, 0x0 ) 
0x00007FF8E4304196	NULL (NULL:0) (MSVCR110:0x00007FF8E42E0000) ( 0xe4304094, 0xfcba4530, 0x0, 0x0 ) 
0x00007FF901CB13D2	NULL (NULL:0) (KERNEL32:0x00007FF901CB0000) ( 0x1cb13b0, 0x0, 0x0, 0x0 ) 

Thread 2584
=====================
0x00007FF902BA121A	NULL (NULL:0) (ntdll:0x00007FF902B10000) ( 0x86a62448, 0xeadde855, 0x10, 0x10 ) 
0x00007FF900071118	NULL (NULL:0) (KERNELBASE:0x00007FF900070000) ( 0xfcb06ba8, 0x8ebb0ff8, 0x0, 0x3f4 ) 
0x00007FF8E472C899	NULL (NULL:0) (baselibmt:0x00007FF8E4700000) ( 0x0, 0xfee7da01, 0xfadc09e8, 0x40 ) 
0x00007FF8E47DC516	NULL (NULL:0) (baselibmt:0x00007FF8E4700000) ( 0xfac03300, 0x0, 0xfcb06b90, 0x7fffffff ) 
0x00007FF8E4303FEF	NULL (NULL:0) (MSVCR110:0x00007FF8E42E0000) ( 0xe43a1db0, 0x0, 0x0, 0x0 ) 
0x00007FF8E4304196	NULL (NULL:0) (MSVCR110:0x00007FF8E42E0000) ( 0xe4304094, 0xfee7da90, 0x0, 0x0 ) 
0x00007FF901CB13D2	NULL (NULL:0) (KERNEL32:0x00007FF901CB0000) ( 0x1cb13b0, 0x0, 0x0, 0x0 ) 

Thread 4488
=====================
0x00007FF902BA2CCA	NULL (NULL:0) (ntdll:0x00007FF902B10000) ( 0x2b48480, 0x3, 0xfccc2cb0, 0xfccc2cb0 ) 
0x00007FF902B48BC6	NULL (NULL:0) (ntdll:0x00007FF902B10000) ( 0x0, 0x2b48480, 0xfccc2cb0, 0x0 ) 
0x00007FF901CB13D2	NULL (NULL:0) (KERNEL32:0x00007FF901CB0000) ( 0x1cb13b0, 0x0, 0x0, 0x0 ) 

Thread 4352
=====================
0x00007FF902BA121A	NULL (NULL:0) (ntdll:0x00007FF902B10000) ( 0x0, 0x1, 0x1, 0xea6db8d9 ) 
0x00007FF900071118	NULL (NULL:0) (KERNELBASE:0x00007FF900070000) ( 0xfcb39418, 0xfadd6010, 0x0, 0x44c ) 
0x00007FF8E472C8C5	NULL (NULL:0) (baselibmt:0x00007FF8E4700000) ( 0x1, 0xfcb39418, 0xfcb39418, 0x0 ) 
0x00007FF8EA6DBBF3	NULL (NULL:0) (asyncoremt:0x00007FF8EA6B0000) ( 0x0, 0xfadc0860, 0x0, 0xfadd60a0 ) 
0x00007FF8EA6DBEED	NULL (NULL:0) (asyncoremt:0x00007FF8EA6B0000) ( 0x0, 0xfee7df20, 0x0, 0x0 ) 
0x00007FF8E4303FEF	NULL (NULL:0) (MSVCR110:0x00007FF8E42E0000) ( 0xe43a1db0, 0x0, 0x0, 0x0 ) 
0x00007FF8E4304196	NULL (NULL:0) (MSVCR110:0x00007FF8E42E0000) ( 0xe4304094, 0xfee7df20, 0x0, 0x0 ) 
0x00007FF901CB13D2	NULL (NULL:0) (KERNEL32:0x00007FF901CB0000) ( 0x1cb13b0, 0x0, 0x0, 0x0 ) 

Thread 2976
=====================
0x00007FF902BA178A	NULL (NULL:0) (ntdll:0x00007FF902B10000) ( 0x27f, 0x0, 0x0, 0x1f80 ) 
0x00007FF9000713ED	NULL (NULL:0) (KERNELBASE:0x00007FF900070000) ( 0xa5a948c0, 0x9f355000, 0x0, 0x0 ) 
0x00007FF901CB106F	NULL (NULL:0) (KERNEL32:0x00007FF901CB0000) ( 0x0, 0x0, 0x0, 0x0 ) 
0x00007FF7A5A94906	NULL (NULL:0) (xtop:0x00007FF79FB00000) ( 0x0, 0x0, 0x0, 0x0 ) 
0x00007FF901CB13D2	NULL (NULL:0) (KERNEL32:0x00007FF901CB0000) ( 0x1cb13b0, 0x0, 0x0, 0x0 ) 

Thread 3860
=====================
0x00007FF902BA2CCA	NULL (NULL:0) (ntdll:0x00007FF902B10000) ( 0xfee980e0, 0xfee980e0, 0xfac19a18, 0x2b290d0 ) 
0x00007FF902B48BC6	NULL (NULL:0) (ntdll:0x00007FF902B10000) ( 0x0, 0x2b48480, 0xfac1e4c0, 0x0 ) 
0x00007FF901CB13D2	NULL (NULL:0) (KERNEL32:0x00007FF901CB0000) ( 0x1cb13b0, 0x0, 0x0, 0x0 ) 

Thread 3452
=====================
0x00007FF902BA2CCA	NULL (NULL:0) (ntdll:0x00007FF902B10000) ( 0xfcd29480, 0xfcd29480, 0xfcbca428, 0x2b290d0 ) 
0x00007FF902B48BC6	NULL (NULL:0) (ntdll:0x00007FF902B10000) ( 0x0, 0x2b48480, 0xfef474d0, 0x0 ) 
0x00007FF901CB13D2	NULL (NULL:0) (KERNEL32:0x00007FF901CB0000) ( 0x1cb13b0, 0x0, 0x0, 0x0 ) 

Thread 3936
=====================
0x00007FF902BA2CCA	NULL (NULL:0) (ntdll:0x00007FF902B10000) ( 0x10003, 0x82b71b01, 0xfeee3660, 0x2b26630 ) 
0x00007FF902B48BC6	NULL (NULL:0) (ntdll:0x00007FF902B10000) ( 0x0, 0x2b48480, 0xfef474d0, 0x0 ) 
0x00007FF901CB13D2	NULL (NULL:0) (KERNEL32:0x00007FF901CB0000) ( 0x1cb13b0, 0x0, 0x0, 0x0 ) 

Thread 4108
=====================
0x00007FF902BA2CCA	NULL (NULL:0) (ntdll:0x00007FF902B10000) ( 0xfac1e4c0, 0x96c82830, 0xfac19a18, 0x2b4a1c0 ) 
0x00007FF902B48BC6	NULL (NULL:0) (ntdll:0x00007FF902B10000) ( 0x0, 0x2b48480, 0xfac1e4c0, 0x0 ) 
0x00007FF901CB13D2	NULL (NULL:0) (KERNEL32:0x00007FF901CB0000) ( 0x1cb13b0, 0x0, 0x0, 0x0 ) 

Thread 4728
=====================
0x00007FF902BA178A	NULL (NULL:0) (ntdll:0x00007FF902B10000) ( 0x2b10000, 0x87fbf930, 0xfcd32338, 0x2b2c093 ) 
0x00007FF9000713ED	NULL (NULL:0) (KERNELBASE:0x00007FF900070000) ( 0x0, 0x9f355000, 0x0, 0x0 ) 
0x00007FF901958E0E	NULL (NULL:0) (combase:0x00007FF9018B0000) ( 0x90c, 0x0, 0x0, 0x1958e00 ) 
0x00007FF901958EC8	NULL (NULL:0) (combase:0x00007FF9018B0000) ( 0xffffffff, 0x867ff4e0, 0x0, 0x1958e50 ) 
0x00007FF9019590A2	NULL (NULL:0) (combase:0x00007FF9018B0000) ( 0x0, 0x867ff4e0, 0x8669c410, 0x0 ) 
0x00007FF9019590C5	NULL (NULL:0) (combase:0x00007FF9018B0000) ( 0x19112c0, 0x0, 0x0, 0x0 ) 
0x00007FF901CB13D2	NULL (NULL:0) (KERNEL32:0x00007FF901CB0000) ( 0x1cb13b0, 0x0, 0x0, 0x0 ) 

Thread 3900
=====================
0x00007FF902BA121A	NULL (NULL:0) (ntdll:0x00007FF902B10000) ( 0xfeee5d00, 0x30, 0xeadd7000, 0xb98 ) 
0x00007FF900071118	NULL (NULL:0) (KERNELBASE:0x00007FF900070000) ( 0x86a62340, 0x86a62340, 0x0, 0xb98 ) 
0x00007FF8E47DCEA4	NULL (NULL:0) (baselibmt:0x00007FF8E4700000) ( 0x0, 0xfee700c8, 0x0, 0xfeeeb870 ) 
0x00007FF7A38874BE	NULL (NULL:0) (xtop:0x00007FF79FB00000) ( 0x0, 0xfeee5d30, 0x0, 0x0 ) 
0x00007FF8E47DC2E2	NULL (NULL:0) (baselibmt:0x00007FF8E4700000) ( 0x831d3000, 0x0, 0xfeef2c30, 0x0 ) 
0x00007FF8E4303FEF	NULL (NULL:0) (MSVCR110:0x00007FF8E42E0000) ( 0xe43a1db0, 0x0, 0x0, 0x0 ) 
0x00007FF8E4304196	NULL (NULL:0) (MSVCR110:0x00007FF8E42E0000) ( 0xe4304094, 0xfeee5d30, 0x0, 0x0 ) 
0x00007FF901CB13D2	NULL (NULL:0) (KERNEL32:0x00007FF901CB0000) ( 0x1cb13b0, 0x0, 0x0, 0x0 ) 

Thread 2604
=====================
0x00007FF902BA121A	NULL (NULL:0) (ntdll:0x00007FF902B10000) ( 0xfeeec600, 0x30, 0xeadd7000, 0xbf0 ) 
0x00007FF900071118	NULL (NULL:0) (KERNELBASE:0x00007FF900070000) ( 0x86a622e0, 0x86a622e0, 0x0, 0xbf0 ) 
0x00007FF8E47DCEA4	NULL (NULL:0) (baselibmt:0x00007FF8E4700000) ( 0x0, 0xfee6fb70, 0x0, 0xfeee5d30 ) 
0x00007FF7A38874BE	NULL (NULL:0) (xtop:0x00007FF79FB00000) ( 0x0, 0xfeeec620, 0x0, 0x0 ) 
0x00007FF8E47DC2E2	NULL (NULL:0) (baselibmt:0x00007FF8E4700000) ( 0x831d3000, 0x0, 0xfeef2ab0, 0x0 ) 
0x00007FF8E4303FEF	NULL (NULL:0) (MSVCR110:0x00007FF8E42E0000) ( 0xe43a1db0, 0x0, 0x0, 0x0 ) 
0x00007FF8E4304196	NULL (NULL:0) (MSVCR110:0x00007FF8E42E0000) ( 0xe4304094, 0xfeeec620, 0x0, 0x0 ) 
0x00007FF901CB13D2	NULL (NULL:0) (KERNEL32:0x00007FF901CB0000) ( 0x1cb13b0, 0x0, 0x0, 0x0 ) 

Thread 4388
=====================
0x00007FF902BA121A	NULL (NULL:0) (ntdll:0x00007FF902B10000) ( 0xfeeed300, 0x30, 0xeadd7000, 0x98c ) 
0x00007FF900071118	NULL (NULL:0) (KERNELBASE:0x00007FF900070000) ( 0x86a622c8, 0x86a622c8, 0x0, 0x98c ) 
0x00007FF8E47DCEA4	NULL (NULL:0) (baselibmt:0x00007FF8E4700000) ( 0x0, 0xfee6f580, 0x0, 0xfeeec620 ) 
0x00007FF7A38874BE	NULL (NULL:0) (xtop:0x00007FF79FB00000) ( 0x0, 0xfeeed3d0, 0x0, 0x0 ) 
0x00007FF8E47DC2E2	NULL (NULL:0) (baselibmt:0x00007FF8E4700000) ( 0x831d3000, 0x0, 0xfeef2cb0, 0x0 ) 
0x00007FF8E4303FEF	NULL (NULL:0) (MSVCR110:0x00007FF8E42E0000) ( 0xe43a1db0, 0x0, 0x0, 0x0 ) 
0x00007FF8E4304196	NULL (NULL:0) (MSVCR110:0x00007FF8E42E0000) ( 0xe4304094, 0xfeeed3d0, 0x0, 0x0 ) 
0x00007FF901CB13D2	NULL (NULL:0) (KERNEL32:0x00007FF901CB0000) ( 0x1cb13b0, 0x0, 0x0, 0x0 ) 

Thread 3964
=====================
0x00007FF902BA151A	NULL (NULL:0) (ntdll:0x00007FF902B10000) ( 0x8bc8f7e8, 0x2b2df67, 0x6, 0x74712 ) 
0x00007FF90007121A	NULL (NULL:0) (KERNELBASE:0x00007FF900070000) ( 0x8bc8f9f8, 0x0, 0x0, 0x0 ) 
0x00007FF8F847B36A	NULL (NULL:0) (WINHTTP:0x00007FF8F8450000) ( 0xf845aaf0, 0xf8450000, 0x8bc8f9f8, 0xfeeb4650 ) 
0x00007FF8F847B37C	NULL (NULL:0) (WINHTTP:0x00007FF8F8450000) ( 0x0, 0xfeeb4650, 0x0, 0x8bc8f9f8 ) 
0x00007FF902B298EA	NULL (NULL:0) (ntdll:0x00007FF902B10000) ( 0x2b29790, 0x82f17280, 0x0, 0x10 ) 
0x00007FF902B48D61	NULL (NULL:0) (ntdll:0x00007FF902B10000) ( 0x0, 0x2b48480, 0xfac1e4c0, 0x0 ) 
0x00007FF901CB13D2	NULL (NULL:0) (KERNEL32:0x00007FF901CB0000) ( 0x1cb13b0, 0x0, 0x0, 0x0 ) 

Thread 2620
=====================
0x00007FF902BA121A	NULL (NULL:0) (ntdll:0x00007FF902B10000) ( 0x0, 0xe47d9d22, 0x9542a308, 0x0 ) 
0x00007FF900071118	NULL (NULL:0) (KERNELBASE:0x00007FF900070000) ( 0xfeef1b48, 0x8ebb0ff8, 0x0, 0x9d0 ) 
0x00007FF8E472C899	NULL (NULL:0) (baselibmt:0x00007FF8E4700000) ( 0x0, 0x86952601, 0xfadc09e8, 0x40 ) 
0x00007FF8E47DC516	NULL (NULL:0) (baselibmt:0x00007FF8E4700000) ( 0x831d3000, 0x0, 0xfeef1b30, 0x3c ) 
0x00007FF8E4303FEF	NULL (NULL:0) (MSVCR110:0x00007FF8E42E0000) ( 0xe43a1db0, 0x0, 0x0, 0x0 ) 
0x00007FF8E4304196	NULL (NULL:0) (MSVCR110:0x00007FF8E42E0000) ( 0xe4304094, 0x86952600, 0x0, 0x0 ) 
0x00007FF901CB13D2	NULL (NULL:0) (KERNEL32:0x00007FF901CB0000) ( 0x1cb13b0, 0x0, 0x0, 0x0 ) 

Thread 3312
=====================
0x00007FF902BA2CCA	NULL (NULL:0) (ntdll:0x00007FF902B10000) ( 0x2b48480, 0x3, 0x8be6dbe0, 0x8be6dbe0 ) 
0x00007FF902B48BC6	NULL (NULL:0) (ntdll:0x00007FF902B10000) ( 0x0, 0x2b48480, 0x8be6dbe0, 0x0 ) 
0x00007FF901CB13D2	NULL (NULL:0) (KERNEL32:0x00007FF901CB0000) ( 0x1cb13b0, 0x0, 0x0, 0x0 ) 

Thread 2112
=====================
0x00007FF902BA2CCA	NULL (NULL:0) (ntdll:0x00007FF902B10000) ( 0x2b48480, 0x3, 0x8be6dbe0, 0x8be6dbe0 ) 
0x00007FF902B48BC6	NULL (NULL:0) (ntdll:0x00007FF902B10000) ( 0x0, 0x2b48480, 0x8be6dbe0, 0x0 ) 
0x00007FF901CB13D2	NULL (NULL:0) (KERNEL32:0x00007FF901CB0000) ( 0x1cb13b0, 0x0, 0x0, 0x0 ) 

Thread 4012
=====================
0x00007FF902BA2CCA	NULL (NULL:0) (ntdll:0x00007FF902B10000) ( 0x2b48480, 0x3, 0x8be6dbe0, 0x8be6dbe0 ) 
0x00007FF902B48BC6	NULL (NULL:0) (ntdll:0x00007FF902B10000) ( 0x0, 0x2b48480, 0x8be6dbe0, 0x0 ) 
0x00007FF901CB13D2	NULL (NULL:0) (KERNEL32:0x00007FF901CB0000) ( 0x1cb13b0, 0x0, 0x0, 0x0 ) 

Thread 3852
=====================
0x00007FF902BA2CCA	NULL (NULL:0) (ntdll:0x00007FF902B10000) ( 0x8be6dbe0, 0x96c83710, 0x8ef0a378, 0x2b4a1c0 ) 
0x00007FF902B48BC6	NULL (NULL:0) (ntdll:0x00007FF902B10000) ( 0x0, 0x2b48480, 0x8be6dbe0, 0x0 ) 
0x00007FF901CB13D2	NULL (NULL:0) (KERNEL32:0x00007FF901CB0000) ( 0x1cb13b0, 0x0, 0x0, 0x0 ) 

Thread 1984
=====================
0x00007FF902BA121A	NULL (NULL:0) (ntdll:0x00007FF902B10000) ( 0x86a62220, 0xeadde855, 0x10, 0x10 ) 
0x00007FF900071118	NULL (NULL:0) (KERNELBASE:0x00007FF900070000) ( 0x9607c498, 0x8ebba928, 0x0, 0xbe4 ) 
0x00007FF8E472C899	NULL (NULL:0) (baselibmt:0x00007FF8E4700000) ( 0x0, 0x960b4201, 0xfadc09e8, 0x40 ) 
0x00007FF8E47DC516	NULL (NULL:0) (baselibmt:0x00007FF8E4700000) ( 0x8f13fa00, 0x0, 0x9607c480, 0x7fffffff ) 
0x00007FF8E4303FEF	NULL (NULL:0) (MSVCR110:0x00007FF8E42E0000) ( 0xe43a1db0, 0x0, 0x0, 0x0 ) 
0x00007FF8E4304196	NULL (NULL:0) (MSVCR110:0x00007FF8E42E0000) ( 0xe4304094, 0x960b42a0, 0x0, 0x0 ) 
0x00007FF901CB13D2	NULL (NULL:0) (KERNEL32:0x00007FF901CB0000) ( 0x1cb13b0, 0x0, 0x0, 0x0 ) 

Thread 2168
=====================
0x00007FF902BA121A	NULL (NULL:0) (ntdll:0x00007FF902B10000) ( 0x86a62310, 0xeadde855, 0x10, 0x10 ) 
0x00007FF900071118	NULL (NULL:0) (KERNELBASE:0x00007FF900070000) ( 0x9607cf98, 0xe48b3110, 0x0, 0xc60 ) 
0x00007FF8E472C899	NULL (NULL:0) (baselibmt:0x00007FF8E4700000) ( 0x0, 0x960b4201, 0x0, 0x960b4200 ) 
0x00007FF8E47DC516	NULL (NULL:0) (baselibmt:0x00007FF8E4700000) ( 0x8f13fa00, 0x0, 0x9607cf80, 0x7fffffff ) 
0x00007FF8E4303FEF	NULL (NULL:0) (MSVCR110:0x00007FF8E42E0000) ( 0xe43a1db0, 0x0, 0x0, 0x0 ) 
0x00007FF8E4304196	NULL (NULL:0) (MSVCR110:0x00007FF8E42E0000) ( 0xe4304094, 0x960b42a0, 0x0, 0x0 ) 
0x00007FF901CB13D2	NULL (NULL:0) (KERNEL32:0x00007FF901CB0000) ( 0x1cb13b0, 0x0, 0x0, 0x0 ) 

Thread 4528
=====================
0x00007FF902BA151A	NULL (NULL:0) (ntdll:0x00007FF902B10000) ( 0xa0e6f818, 0xe4acf399, 0x962fb7f0, 0x53 ) 
0x00007FF90007121A	NULL (NULL:0) (KERNELBASE:0x00007FF900070000) ( 0xae1366a0, 0x0, 0x0, 0x0 ) 
0x00007FF8E47DE6A8	NULL (NULL:0) (baselibmt:0x00007FF8E4700000) ( 0xae1366a0, 0x1, 0x0, 0x0 ) 
0x00007FF7A49F6311	NULL (NULL:0) (xtop:0x00007FF79FB00000) ( 0x0, 0x7fffffff, 0xfef06650, 0xe4ace7a3 ) 
0x00007FF8E4ACEED1	NULL (NULL:0) (coretools_sh:0x00007FF8E4A90000) ( 0x0, 0x0, 0x0, 0x95241700 ) 
0x00007FF8E47DC2E2	NULL (NULL:0) (baselibmt:0x00007FF8E4700000) ( 0x8f13fa00, 0x0, 0x9607e180, 0x0 ) 
0x00007FF8E4303FEF	NULL (NULL:0) (MSVCR110:0x00007FF8E42E0000) ( 0xe43a1db0, 0x0, 0x0, 0x0 ) 
0x00007FF8E4304196	NULL (NULL:0) (MSVCR110:0x00007FF8E42E0000) ( 0xe4304094, 0x95241750, 0x0, 0x0 ) 
0x00007FF901CB13D2	NULL (NULL:0) (KERNEL32:0x00007FF901CB0000) ( 0x1cb13b0, 0x0, 0x0, 0x0 ) 

Thread 2076
=====================
0x00007FF902BA178A	NULL (NULL:0) (ntdll:0x00007FF902B10000) ( 0x0, 0x0, 0x0, 0x0 ) 
0x00007FF9000713ED	NULL (NULL:0) (KERNELBASE:0x00007FF900070000) ( 0xffedad30, 0x9f355000, 0x0, 0x0 ) 
0x00007FF8FFEDAD70	NULL (NULL:0) (CRYPT32:0x00007FF8FFE90000) ( 0xffedad30, 0x0, 0x9d73cae0, 0x9d73cae0 ) 
0x00007FF901CB13D2	NULL (NULL:0) (KERNEL32:0x00007FF901CB0000) ( 0x1cb13b0, 0x0, 0x0, 0x0 ) 

Thread 4436
=====================
0x00007FF902BA121A	NULL (NULL:0) (ntdll:0x00007FF902B10000) ( 0x0, 0x1, 0x1, 0xea6db8d9 ) 
0x00007FF900071118	NULL (NULL:0) (KERNELBASE:0x00007FF900070000) ( 0xfcb39418, 0x1, 0x0, 0xc04 ) 
0x00007FF8E472C8C5	NULL (NULL:0) (baselibmt:0x00007FF8E4700000) ( 0x1, 0xfcb39418, 0xfcb39418, 0x0 ) 
0x00007FF8EA6DBBF3	NULL (NULL:0) (asyncoremt:0x00007FF8EA6B0000) ( 0x0, 0xfadc0860, 0x0, 0xfadf8040 ) 
0x00007FF8EA6DBEED	NULL (NULL:0) (asyncoremt:0x00007FF8EA6B0000) ( 0x0, 0x9dc1ecc0, 0x0, 0x0 ) 
0x00007FF8E4303FEF	NULL (NULL:0) (MSVCR110:0x00007FF8E42E0000) ( 0xe43a1db0, 0x0, 0x0, 0x0 ) 
0x00007FF8E4304196	NULL (NULL:0) (MSVCR110:0x00007FF8E42E0000) ( 0xe4304094, 0x9dc1ecc0, 0x0, 0x0 ) 
0x00007FF901CB13D2	NULL (NULL:0) (KERNEL32:0x00007FF901CB0000) ( 0x1cb13b0, 0x0, 0x0, 0x0 ) 

Thread 4788
=====================
0x00007FF902BA121A	NULL (NULL:0) (ntdll:0x00007FF902B10000) ( 0x0, 0x1, 0x1, 0xea6db8d9 ) 
0x00007FF900071118	NULL (NULL:0) (KERNELBASE:0x00007FF900070000) ( 0xfcb39418, 0x1, 0x0, 0x9f8 ) 
0x00007FF8E472C8C5	NULL (NULL:0) (baselibmt:0x00007FF8E4700000) ( 0x1, 0xfcb39418, 0xfcb39418, 0x0 ) 
0x00007FF8EA6DBBF3	NULL (NULL:0) (asyncoremt:0x00007FF8EA6B0000) ( 0x0, 0xfadc0860, 0x0, 0xfadf9990 ) 
0x00007FF8EA6DBEED	NULL (NULL:0) (asyncoremt:0x00007FF8EA6B0000) ( 0x0, 0x9dc1fa70, 0x0, 0x0 ) 
0x00007FF8E4303FEF	NULL (NULL:0) (MSVCR110:0x00007FF8E42E0000) ( 0xe43a1db0, 0x0, 0x0, 0x0 ) 
0x00007FF8E4304196	NULL (NULL:0) (MSVCR110:0x00007FF8E42E0000) ( 0xe4304094, 0x9dc1fa70, 0x0, 0x0 ) 
0x00007FF901CB13D2	NULL (NULL:0) (KERNEL32:0x00007FF901CB0000) ( 0x1cb13b0, 0x0, 0x0, 0x0 ) 
